<?xml version="1.0" encoding="UTF-8"?>
<testng-results ignored="0" total="1" passed="1" failed="0" skipped="0">
  <reporter-output>
  </reporter-output>
  <suite started-at="2023-09-15T05:32:59 IST" name="Default suite" finished-at="2023-09-15T05:33:12 IST" duration-ms="13352">
    <groups>
    </groups>
    <test started-at="2023-09-15T05:32:59 IST" name="Default test" finished-at="2023-09-15T05:33:12 IST" duration-ms="13352">
      <class name="TestClass">
        <test-method is-config="true" signature="setup()[pri:0, instance:TestClass@4dbb42b7]" started-at="2023-09-15T05:32:59 IST" name="setup" finished-at="2023-09-15T05:33:04 IST" duration-ms="5039" status="PASS">
          <reporter-output>
          </reporter-output>
        </test-method> <!-- setup -->
        <test-method signature="testGoogleSearch()[pri:0, instance:TestClass@4dbb42b7]" started-at="2023-09-15T05:33:04 IST" name="testGoogleSearch" finished-at="2023-09-15T05:33:11 IST" duration-ms="6916" status="PASS">
          <reporter-output>
          </reporter-output>
        </test-method> <!-- testGoogleSearch -->
        <test-method is-config="true" signature="teardown()[pri:0, instance:TestClass@4dbb42b7]" started-at="2023-09-15T05:33:11 IST" name="teardown" finished-at="2023-09-15T05:33:12 IST" duration-ms="1333" status="PASS">
          <reporter-output>
          </reporter-output>
        </test-method> <!-- teardown -->
      </class> <!-- TestClass -->
    </test> <!-- Default test -->
  </suite> <!-- Default suite -->
</testng-results>
