<?xml version="1.0" encoding="UTF-8"?>
<testng-results ignored="0" total="1" passed="1" failed="0" skipped="0">
  <reporter-output>
  </reporter-output>
  <suite started-at="2023-09-15T03:05:09 IST" name="Default suite" finished-at="2023-09-15T03:05:23 IST" duration-ms="14033">
    <groups>
    </groups>
    <test started-at="2023-09-15T03:05:09 IST" name="Default test" finished-at="2023-09-15T03:05:23 IST" duration-ms="14033">
      <class name="TestClass">
        <test-method is-config="true" signature="setup()[pri:0, instance:TestClass@21e360a]" started-at="2023-09-15T03:05:09 IST" name="setup" finished-at="2023-09-15T03:05:15 IST" duration-ms="6144" status="PASS">
          <reporter-output>
          </reporter-output>
        </test-method> <!-- setup -->
        <test-method signature="testGoogleSearch()[pri:0, instance:TestClass@21e360a]" started-at="2023-09-15T03:05:15 IST" name="testGoogleSearch" finished-at="2023-09-15T03:05:22 IST" duration-ms="6701" status="PASS">
          <reporter-output>
          </reporter-output>
        </test-method> <!-- testGoogleSearch -->
        <test-method is-config="true" signature="teardown()[pri:0, instance:TestClass@21e360a]" started-at="2023-09-15T03:05:22 IST" name="teardown" finished-at="2023-09-15T03:05:23 IST" duration-ms="1106" status="PASS">
          <reporter-output>
          </reporter-output>
        </test-method> <!-- teardown -->
      </class> <!-- TestClass -->
    </test> <!-- Default test -->
  </suite> <!-- Default suite -->
</testng-results>
